<?xml version="1.0" encoding="UTF-8"?>
<!-- Generated by org.testng.reporters.JUnitReportReporter -->
<testsuite hostname="LAPTOP-O92HRG1H" failures="0" tests="1" name="com.jep.TestExample1" time="0.008" errors="0" timestamp="2022-02-14T22:14:54 IST" skipped="0">
  <testcase classname="com.jep.TestExample1" name="test1" time="0.008"/>
  <system-out/>
</testsuite> <!-- com.jep.TestExample1 -->
