<?xml version="1.0" encoding="UTF-8"?>
<!-- Generated by org.testng.reporters.JUnitReportReporter -->
<testsuite hostname="LAPTOP-O92HRG1H" failures="0" tests="2" name="com.jep.TestExample2" time="0.006" errors="0" timestamp="2022-02-14T22:14:19 IST" skipped="0">
  <testcase classname="com.jep.TestExample2" name="test5" time="0.005"/>
  <system-out/>
  <testcase classname="com.jep.TestExample2" name="test6" time="0.001"/>
  <system-out/>
</testsuite> <!-- com.jep.TestExample2 -->
