<?xml version="1.0" encoding="UTF-8"?>
<!-- Generated by org.testng.reporters.JUnitReportReporter -->
<testsuite hostname="LAPTOP-O92HRG1H" failures="0" tests="1" name="com.jep.TestExample6" time="0.006" errors="0" timestamp="2022-02-19T23:02:03 IST" skipped="0">
  <testcase classname="com.jep.TestExample6" name="test1" time="0.006"/>
  <system-out/>
</testsuite> <!-- com.jep.TestExample6 -->
