<?xml version="1.0" encoding="UTF-8"?>
<!-- Generated by org.testng.reporters.JUnitReportReporter -->
<testsuite hostname="LAPTOP-O92HRG1H" failures="0" tests="2" name="com.jep.TestExample3" time="0.007" errors="0" timestamp="2022-02-16T22:16:56 IST" skipped="0">
  <testcase classname="com.jep.TestExample3" name="scenario" time="0.006"/>
  <system-out/>
  <testcase classname="com.jep.TestExample3" name="scenario" time="0.001"/>
  <system-out/>
</testsuite> <!-- com.jep.TestExample3 -->
