<?xml version="1.0" encoding="UTF-8"?>
<!-- Generated by org.testng.reporters.JUnitReportReporter -->
<testsuite hostname="LAPTOP-O92HRG1H" failures="0" tests="3" name="com.jep.TestExample8" time="0.010" errors="0" timestamp="2022-02-20T22:40:01 IST" skipped="0">
  <testcase classname="com.jep.TestExample8" name="scenario1" time="0.006"/>
  <system-out/>
  <testcase classname="com.jep.TestExample8" name="scenario2" time="0.002"/>
  <system-out/>
  <testcase classname="com.jep.TestExample8" name="scenario3" time="0.002"/>
  <system-out/>
</testsuite> <!-- com.jep.TestExample8 -->
