<?xml version="1.0" encoding="UTF-8"?>
<!-- Generated by org.testng.reporters.JUnitReportReporter -->
<testsuite hostname="LAPTOP-O92HRG1H" failures="0" tests="6" name="com.jep.TestExample5" time="0.000" errors="0" timestamp="2022-02-20T22:21:20 IST" skipped="6">
  <testcase classname="com.jep.TestExample5" name="scenario1" time="0.000">
    <skipped/>
  </testcase> <!-- scenario1 -->
  <system-out/>
  <testcase classname="com.jep.TestExample5" name="scenario2" time="0.000">
    <skipped/>
  </testcase> <!-- scenario2 -->
  <system-out/>
  <testcase classname="com.jep.TestExample5" name="scenario3" time="0.000">
    <skipped/>
  </testcase> <!-- scenario3 -->
  <system-out/>
  <testcase classname="com.jep.TestExample5" name="scenario3" time="0.000">
    <skipped/>
  </testcase> <!-- scenario3 -->
  <system-out/>
  <testcase classname="com.jep.TestExample5" name="scenario3" time="0.000">
    <skipped/>
  </testcase> <!-- scenario3 -->
  <system-out/>
  <testcase classname="com.jep.TestExample5" name="scenario3" time="0.000">
    <skipped/>
  </testcase> <!-- scenario3 -->
  <system-out/>
</testsuite> <!-- com.jep.TestExample5 -->
