<?xml version="1.0" encoding="UTF-8"?>
<!-- Generated by org.testng.reporters.JUnitReportReporter -->
<testsuite hostname="LAPTOP-O92HRG1H" failures="0" tests="2" name="com.jep.TestExample3" time="0.000" errors="0" timestamp="2022-02-20T22:21:20 IST" skipped="2">
  <testcase classname="com.jep.TestExample3" name="scenario" time="0.000">
    <skipped/>
  </testcase> <!-- scenario -->
  <system-out/>
  <testcase classname="com.jep.TestExample3" name="scenario" time="0.000">
    <skipped/>
  </testcase> <!-- scenario -->
  <system-out/>
</testsuite> <!-- com.jep.TestExample3 -->
