<?xml version="1.0" encoding="UTF-8"?>
<!-- Generated by org.testng.reporters.JUnitReportReporter -->
<testsuite hostname="LAPTOP-O92HRG1H" failures="0" tests="3" name="com.jep.TestExample1" time="0.000" errors="0" timestamp="2022-02-20T22:21:20 IST" skipped="3">
  <testcase classname="com.jep.TestExample1" name="test1" time="0.000">
    <skipped/>
  </testcase> <!-- test1 -->
  <system-out/>
  <testcase classname="com.jep.TestExample1" name="show" time="0.000">
    <skipped/>
  </testcase> <!-- show -->
  <system-out/>
  <testcase classname="com.jep.TestExample1" name="test2" time="0.000">
    <skipped/>
  </testcase> <!-- test2 -->
  <system-out/>
</testsuite> <!-- com.jep.TestExample1 -->
